11-07-2023 14:30:52.535 info: Incoming request | 1 | resource: \todo | HTTP Verb POST | request #undefined
11-07-2023 14:31:22.054 info: Incoming request | 1 | resource: \todo | HTTP Verb POST | request #undefined
11-07-2023 14:35:49.167 info: Incoming request | 1 | resource: \todo | HTTP Verb POST | request #undefined
11-07-2023 14:41:32.408 info: Incoming request | 1 | resource: 1 | HTTP Verb \todo | request #1
11-07-2023 14:46:06.040 info: Incoming request | 2 | resource: 1 | HTTP Verb \todo | request #2
11-07-2023 14:51:52.649 INFO Incoming request | 1 | resource: \todo | HTTP Verb POST | request #1
11-07-2023 14:54:06.305 INFO: Incoming request | 1 | resource: \todo | HTTP Verb POST | request #1
11-07-2023 14:54:49.626 INFO: Incoming request | 2 | resource: \todo | HTTP Verb POST | request #2
11-07-2023 14:55:06.799 INFO: Incoming request | 3 | resource: \todo | HTTP Verb POST | request #3
11-07-2023 14:55:48.343 INFO: Incoming request | 4 | resource: \todo\size | HTTP Verb GET | request #4
11-07-2023 14:57:13.614 INFO: Incoming request | 5 | resource: \todo\content | HTTP Verb GET | request #5
11-07-2023 15:00:53.229 INFO: Incoming request | 6 | resource: \todo | HTTP Verb GET | request #6
11-07-2023 15:01:44.759 INFO: Incoming request | 7 | resource: \todo | HTTP Verb DELETE | request #7
11-07-2023 18:01:20.214 INFO: Incoming request | #1 | resource: \todo | HTTP Verb POST | request #1
11-07-2023 18:02:01.410 INFO: Incoming request | #2 | resource: \todo\size | HTTP Verb GET | request #2
11-07-2023 18:03:05.067 INFO: Incoming request | #3 | resource: \todo\content | HTTP Verb GET | request #3
11-07-2023 18:06:50.050 INFO: Incoming request | #4 | resource: \todo | HTTP Verb POST | request #4
11-07-2023 18:07:50.494 INFO: Incoming request | #5 | resource: \todo | HTTP Verb GET | request #5
11-07-2023 18:11:35.057 INFO: Incoming request | #1 | resource: \todo | HTTP Verb POST | request #1
11-07-2023 18:12:36.320 INFO: Incoming request | #2 | resource: \todo\size | HTTP Verb GET | request #2
11-07-2023 18:14:26.026 INFO: Incoming request | #3 | resource: \todo\size | HTTP Verb GET | request #3
11-07-2023 18:15:26.819 INFO: Incoming request | #4 | resource: \todo\content | HTTP Verb GET | request #4
11-07-2023 18:16:43.729 INFO: Incoming request | #5 | resource: \todo | HTTP Verb GET | request #5
11-07-2023 18:18:08.702 INFO: Incoming request | #6 | resource: \todo | HTTP Verb POST | request #6
11-07-2023 18:43:15.293 INFO: Incoming request | #1 | resource: \todo | HTTP Verb POST | request #1
11-07-2023 18:44:49.230 INFO: Incoming request | #2 | resource: \todo\size | HTTP Verb GET | request #2
11-07-2023 18:45:46.340 INFO: Incoming request | #3 | resource: \todo\content | HTTP Verb GET | request #3
11-07-2023 18:47:25.127 INFO: Incoming request | #4 | resource: \todo | HTTP Verb GET | request #4
11-07-2023 18:49:35.493 INFO: Incoming request | #5 | resource: \todo | HTTP Verb POST | request #5
11-07-2023 18:50:31.378 INFO: Incoming request | #6 | resource: \todo\size | HTTP Verb GET | request #6
11-07-2023 18:51:03.350 INFO: Incoming request | #7 | resource: \todo | HTTP Verb DELETE | request #7
11-07-2023 18:53:58.164 INFO: Incoming request | #8 | resource: \todo | HTTP Verb GET | request #8
11-07-2023 18:55:00.221 INFO: Incoming request | #9 | resource: \todo\content | HTTP Verb GET | request #9
11-07-2023 18:57:34.290 INFO: Incoming request | #10 | resource: \todo\content | HTTP Verb GET | request #10
11-07-2023 21:05:53.406 INFO: Incoming request | #11 | resource: \logs\level | HTTP Verb DELETE | request #11
11-07-2023 21:06:39.122 INFO: Incoming request | #12 | resource: \logs\level | HTTP Verb DELETE | request #12
11-07-2023 21:15:42.376 INFO: Incoming request | #13 | resource: \logs\level | HTTP Verb DELETE | request #13
11-07-2023 21:16:16.931 INFO: Incoming request | #14 | resource: \logs\level | HTTP Verb DELETE | request #14
11-07-2023 21:16:38.578 INFO: Incoming request | #15 | resource: \logs\level | HTTP Verb DELETE | request #15
11-07-2023 21:18:37.260 INFO: Incoming request | #16 | resource: \logs\level | HTTP Verb DELETE | request #16
11-07-2023 21:42:39.618 INFO: Incoming request | #1 | resource: \todo | HTTP Verb POST | request #1
11-07-2023 21:44:11.485 INFO: Incoming request | #2 | resource: \logs\level | HTTP Verb PUT | request #2
11-07-2023 21:44:57.786 INFO: Incoming request | #3 | resource: \todo | HTTP Verb POST | request #3
11-07-2023 21:46:51.445 INFO: Incoming request | #1 | resource: \todo | HTTP Verb POST | request #1
11-07-2023 21:47:35.229 INFO: Incoming request | #2 | resource: \logs\level | HTTP Verb PUT | request #2
11-07-2023 21:48:05.518 INFO: Incoming request | #3 | resource: \todo | HTTP Verb POST | request #3
11-07-2023 21:50:11.149 INFO: Incoming request | #4 | resource: \todo | HTTP Verb POST | request #4
11-07-2023 21:50:16.626 ERROR: Error: TODO with the title [kk] already exists in the system | request #4
11-07-2023 21:50:49.842 INFO: Incoming request | #5 | resource: \todo | HTTP Verb POST | request #5
11-07-2023 21:50:53.808 ERROR: Error: TODO with the title [kk] already exists in the system | request #5
11-07-2023 21:51:04.526 INFO: Incoming request | #6 | resource: \todo | HTTP Verb POST | request #6
11-07-2023 21:51:11.141 ERROR: Error: Can’t create new TODO with a due date in the past | request #6
11-07-2023 21:51:39.570 INFO: Incoming request | #7 | resource: \todo\size | HTTP Verb GET | request #7
11-07-2023 21:51:41.774 ERROR: Bad Request: Invalid status parameter. | request #7
11-07-2023 22:01:08.975 INFO: Incoming request | #1 | resource: \todo | HTTP Verb POST | request #1
11-07-2023 22:01:49.528 INFO: Incoming request | #2 | resource: \logs\level | HTTP Verb GET | request #2
11-07-2023 22:06:40.659 INFO: Incoming request | #1 | resource: \todo | HTTP Verb POST | request #1
11-07-2023 22:07:07.815 INFO: Incoming request | #2 | resource: \todo | HTTP Verb POST | request #2
11-07-2023 22:07:37.410 INFO: Incoming request | #3 | resource: \logs\level | HTTP Verb GET | request #3
11-07-2023 22:08:09.003 INFO: Incoming request | #4 | resource: \todo | HTTP Verb POST | request #4
11-07-2023 22:09:45.032 INFO: Incoming request | #1 | resource: \todo | HTTP Verb POST | request #1
11-07-2023 22:10:16.549 INFO: Incoming request | #2 | resource: \todo | HTTP Verb POST | request #2
11-07-2023 22:13:57.709 INFO: Incoming request | #1 | resource: \todo | HTTP Verb POST | request #1
11-07-2023 22:21:24.380 INFO: Incoming request | #1 | resource: \todo | HTTP Verb POST | request #1
11-07-2023 22:22:18.196 INFO: Incoming request | #2 | resource: \logs\level | HTTP Verb PUT | request #2
11-07-2023 22:22:57.594 INFO: Incoming request | #3 | resource: \todo | HTTP Verb POST | request #3
11-07-2023 22:23:49.329 INFO: Incoming request | #4 | resource: \todo | HTTP Verb POST | request #4
11-07-2023 22:33:54.046 INFO: Incoming request | #1 | resource: \todo | HTTP Verb POST | request #1
11-07-2023 22:34:03.709 INFO: Incoming request | #2 | resource: \todo | HTTP Verb POST | request #2
11-07-2023 22:34:25.962 INFO: Incoming request | #3 | resource: \todo | HTTP Verb GET | request #3
11-07-2023 22:34:59.147 INFO: Incoming request | #4 | resource: \todo | HTTP Verb GET | request #4
11-07-2023 22:35:20.659 INFO: Incoming request | #5 | resource: \todo | HTTP Verb GET | request #5
11-07-2023 22:35:38.058 INFO: Incoming request | #6 | resource: \todo | HTTP Verb GET | request #6
11-07-2023 22:36:51.378 INFO: Incoming request | #7 | resource: \todo | HTTP Verb DELETE | request #7
11-07-2023 22:36:59.945 INFO: Incoming request | #8 | resource: \todo | HTTP Verb DELETE | request #8
11-07-2023 22:38:04.104 INFO: Incoming request | #1 | resource: \todo | HTTP Verb POST | request #1
11-07-2023 22:38:16.222 INFO: Incoming request | #2 | resource: \todo | HTTP Verb POST | request #2
11-07-2023 22:39:17.845 INFO: Incoming request | #3 | resource: \todo\content | HTTP Verb GET | request #3
11-07-2023 22:41:38.678 INFO: Incoming request | #1 | resource: \todo | HTTP Verb POST | request #1
11-07-2023 22:41:43.455 INFO: Incoming request | #2 | resource: \todo | HTTP Verb POST | request #2
11-07-2023 22:42:16.544 INFO: Incoming request | #3 | resource: \todo\content | HTTP Verb GET | request #3
11-07-2023 22:44:43.528 INFO: Incoming request | #1 | resource: \todo | HTTP Verb POST | request #1
11-07-2023 22:44:48.680 INFO: Incoming request | #2 | resource: \todo | HTTP Verb POST | request #2
11-07-2023 22:45:02.149 INFO: Incoming request | #3 | resource: \todo\content | HTTP Verb GET | request #3
11-07-2023 22:45:55.901 INFO: Incoming request | #1 | resource: \todo | HTTP Verb POST | request #1
11-07-2023 22:46:02.011 INFO: Incoming request | #2 | resource: \todo | HTTP Verb POST | request #2
11-07-2023 22:46:11.448 INFO: Incoming request | #3 | resource: \todo | HTTP Verb POST | request #3
11-07-2023 22:46:22.547 INFO: Incoming request | #4 | resource: \todo | HTTP Verb POST | request #4
11-07-2023 22:46:39.362 INFO: Incoming request | #5 | resource: \todo\size | HTTP Verb GET | request #5
11-07-2023 22:46:51.414 INFO: Incoming request | #6 | resource: \todo\size | HTTP Verb GET | request #6
11-07-2023 22:47:12.928 INFO: Incoming request | #7 | resource: \todo\content | HTTP Verb GET | request #7
11-07-2023 22:47:23.788 INFO: Incoming request | #8 | resource: \todo\content | HTTP Verb GET | request #8
11-07-2023 22:47:34.293 INFO: Incoming request | #9 | resource: \todo\content | HTTP Verb GET | request #9
11-07-2023 22:47:43.315 INFO: Incoming request | #10 | resource: \todo\content | HTTP Verb GET | request #10
11-07-2023 22:48:15.904 INFO: Incoming request | #11 | resource: \todo\content | HTTP Verb GET | request #11
11-07-2023 22:49:20.407 INFO: Incoming request | #12 | resource: \todo | HTTP Verb GET | request #12
11-07-2023 22:49:30.988 INFO: Incoming request | #13 | resource: \todo | HTTP Verb GET | request #13
11-07-2023 22:49:44.498 INFO: Incoming request | #14 | resource: \todo | HTTP Verb GET | request #14
11-07-2023 22:50:28.602 INFO: Incoming request | #15 | resource: \logs\level | HTTP Verb GET | request #15
11-07-2023 22:50:42.244 INFO: Incoming request | #16 | resource: \logs\level | HTTP Verb PUT | request #16
11-07-2023 22:51:24.167 INFO: Incoming request | #17 | resource: \todo | HTTP Verb POST | request #17
11-07-2023 22:51:56.554 INFO: Incoming request | #18 | resource: \logs\level | HTTP Verb PUT | request #18
11-07-2023 22:52:17.853 INFO: Incoming request | #19 | resource: \todo | HTTP Verb POST | request #19
11-07-2023 22:53:25.154 INFO: Incoming request | #1 | resource: \todo | HTTP Verb POST | request #1
11-07-2023 22:53:35.888 INFO: Incoming request | #2 | resource: \todo | HTTP Verb GET | request #2
11-07-2023 22:53:58.934 INFO: Incoming request | #3 | resource: \logs\level | HTTP Verb PUT | request #3
11-07-2023 22:58:20.799 INFO: Incoming request | #1 | resource: \todo | HTTP Verb POST | request #1
11-07-2023 22:58:25.583 INFO: Incoming request | #2 | resource: \todo | HTTP Verb POST | request #2
11-07-2023 22:58:31.987 INFO: Incoming request | #3 | resource: \todo | HTTP Verb POST | request #3
11-07-2023 22:59:12.933 INFO: Incoming request | #4 | resource: \logs\level | HTTP Verb PUT | request #4
11-07-2023 23:00:12.667 INFO: Incoming request | #5 | resource: \todo | HTTP Verb POST | request #5
